<?xml version="1.0" encoding="UTF-8"?>
<!-- Generated by org.testng.reporters.JUnitReportReporter -->
<testsuite skipped="0" hostname="DESKTOP-8OBLECF" name="testngdemos.MyFirstTestNG2" tests="4" failures="0" timestamp="21 Nov 2020 02:28:10 GMT" time="0.022" errors="0">
  <testcase name="openBrowser" time="0.012" classname="testngdemos.MyFirstTestNG2"/>
  <testcase name="loginToApplication" time="0.007" classname="testngdemos.MyFirstTestNG2"/>
  <testcase name="logout" time="0.002" classname="testngdemos.MyFirstTestNG2"/>
  <testcase name="closeBrowser" time="0.001" classname="testngdemos.MyFirstTestNG2"/>
</testsuite> <!-- testngdemos.MyFirstTestNG2 -->
