<?xml version="1.0" encoding="UTF-8"?>
<!-- Generated by org.testng.reporters.JUnitReportReporter -->
<testsuite skipped="0" hostname="DESKTOP-8OBLECF" name="readingdataExcel.ReadPropertyFile" tests="1" failures="0" timestamp="22 Nov 2020 03:31:53 GMT" time="0.023" errors="0">
  <testcase name="readConfig" time="0.023" classname="readingdataExcel.ReadPropertyFile"/>
</testsuite> <!-- readingdataExcel.ReadPropertyFile -->
