<?xml version="1.0" encoding="UTF-8"?>
<!-- Generated by org.testng.reporters.JUnitReportReporter -->
<testsuite skipped="0" hostname="DESKTOP-8OBLECF" name="readingdataExcel.WritingExcelDemo4" tests="1" failures="0" timestamp="22 Nov 2020 03:20:19 GMT" time="1.661" errors="0">
  <testcase name="readExcel" time="1.661" classname="readingdataExcel.WritingExcelDemo4"/>
</testsuite> <!-- readingdataExcel.WritingExcelDemo4 -->
