<?xml version="1.0" encoding="UTF-8"?>
<!-- Generated by org.testng.reporters.JUnitReportReporter -->
<testsuite skipped="0" hostname="DESKTOP-8OBLECF" name="testngdemos.DataProviderDemo" tests="3" failures="0" timestamp="21 Nov 2020 03:56:15 GMT" time="0.031" errors="0">
  <testcase name="createQuote" time="0.003" classname="testngdemos.DataProviderDemo"/>
  <testcase name="createQuote" time="0.005" classname="testngdemos.DataProviderDemo"/>
  <testcase name="createQuote" time="0.023" classname="testngdemos.DataProviderDemo"/>
</testsuite> <!-- testngdemos.DataProviderDemo -->
