<?xml version="1.0" encoding="UTF-8"?>
<!-- Generated by org.testng.reporters.JUnitReportReporter -->
<testsuite skipped="0" hostname="DESKTOP-8OBLECF" name="readingdataExcel.ReadingExcelDemo3" tests="1" failures="0" timestamp="22 Nov 2020 03:10:15 GMT" time="1.365" errors="0">
  <testcase name="readExcel" time="1.365" classname="readingdataExcel.ReadingExcelDemo3"/>
</testsuite> <!-- readingdataExcel.ReadingExcelDemo3 -->
