<?xml version="1.0" encoding="UTF-8"?>
<!-- Generated by org.testng.reporters.JUnitReportReporter -->
<testsuite skipped="0" hostname="DESKTOP-8OBLECF" name="readingdataExcel.ReadPropertyFile2" tests="1" failures="0" timestamp="22 Nov 2020 03:36:38 GMT" time="0.028" errors="0">
  <testcase name="readConfig" time="0.028" classname="readingdataExcel.ReadPropertyFile2"/>
</testsuite> <!-- readingdataExcel.ReadPropertyFile2 -->
