<?xml version="1.0" encoding="UTF-8"?>
<!-- Generated by org.testng.reporters.JUnitReportReporter -->
<testsuite skipped="0" hostname="DESKTOP-8OBLECF" name="testngdemos.DataProviderDemo2" tests="3" failures="0" timestamp="21 Nov 2020 04:07:48 GMT" time="0.078" errors="0">
  <testcase name="createQuote" time="0.025" classname="testngdemos.DataProviderDemo2"/>
  <testcase name="createQuote" time="0.028" classname="testngdemos.DataProviderDemo2"/>
  <testcase name="createQuote" time="0.025" classname="testngdemos.DataProviderDemo2"/>
</testsuite> <!-- testngdemos.DataProviderDemo2 -->
