<?xml version="1.0" encoding="UTF-8"?>
<!-- Generated by org.testng.reporters.JUnitReportReporter -->
<testsuite skipped="0" hostname="DESKTOP-8OBLECF" name="readingdataExcel.ExtentReportDemo" tests="1" failures="0" timestamp="22 Nov 2020 04:21:38 GMT" time="1.270" errors="0">
  <testcase name="reportGenerate" time="1.270" classname="readingdataExcel.ExtentReportDemo"/>
</testsuite> <!-- readingdataExcel.ExtentReportDemo -->
