<?xml version="1.0" encoding="UTF-8"?>
<!-- Generated by org.testng.reporters.JUnitReportReporter -->
<testsuite skipped="0" hostname="DESKTOP-8OBLECF" name="testngdemos.MyFirstTestNG" tests="3" failures="0" timestamp="21 Nov 2020 02:28:10 GMT" time="20.009" errors="0">
  <testcase name="test1" time="0.002" classname="testngdemos.MyFirstTestNG"/>
  <testcase name="test3" time="15.005" classname="testngdemos.MyFirstTestNG"/>
  <testcase name="test2" time="5.002" classname="testngdemos.MyFirstTestNG"/>
</testsuite> <!-- testngdemos.MyFirstTestNG -->
