<?xml version="1.0" encoding="UTF-8"?>
<!-- Generated by org.testng.reporters.JUnitReportReporter -->
<testsuite skipped="0" hostname="DESKTOP-8OBLECF" name="readingdataExcel.ReadingExcelDemo" tests="1" failures="0" timestamp="22 Nov 2020 02:40:03 GMT" time="1.490" errors="0">
  <testcase name="readExcel" time="1.490" classname="readingdataExcel.ReadingExcelDemo"/>
</testsuite> <!-- readingdataExcel.ReadingExcelDemo -->
