<?xml version="1.0" encoding="UTF-8"?>
<!-- Generated by org.testng.reporters.JUnitReportReporter -->
<testsuite skipped="0" hostname="DESKTOP-8OBLECF" name="testngdemos.DataProviderDemo3" tests="1" failures="0" timestamp="21 Nov 2020 08:55:35 GMT" time="40.732" errors="0">
  <testcase name="createQuote" time="40.732" classname="testngdemos.DataProviderDemo3"/>
</testsuite> <!-- testngdemos.DataProviderDemo3 -->
